app/build/outputs/logs/manifest-merger-debug-report.txt
-- Merging decision tree log ---
manifest
ADDED from src\main\AndroidManifest.xml:2:1-54:12
	package
		ADDED from src\main\AndroidManifest.xml:3:5-34
		INJECTED from src\main\AndroidManifest.xml
		INJECTED from src\main\AndroidManifest.xml
	android:versionName
		ADDED from src\main\AndroidManifest.xml:5:5-30
		INJECTED from src\main\AndroidManifest.xml
		INJECTED from src\main\AndroidManifest.xml
	android:versionCode
		ADDED from src\main\AndroidManifest.xml:4:5-28
		INJECTED from src\main\AndroidManifest.xml
		INJECTED from src\main\AndroidManifest.xml
	xmlns:android
		ADDED from src\main\AndroidManifest.xml:2:11-69
uses-sdk
ADDED from src\main\AndroidManifest.xml:7:5-9:41
	android:targetSdkVersion
		ADDED from src\main\AndroidManifest.xml:9:9-38
		INJECTED from src\main\AndroidManifest.xml
		INJECTED from src\main\AndroidManifest.xml
	android:minSdkVersion
		ADDED from src\main\AndroidManifest.xml:8:9-35
		INJECTED from src\main\AndroidManifest.xml
		INJECTED from src\main\AndroidManifest.xml
uses-feature#android.hardware.screen.landscape
ADDED from src\main\AndroidManifest.xml:11:5-70
	android:name
		ADDED from src\main\AndroidManifest.xml:11:19-67
uses-permission#android.permission.INTERNET
ADDED from src\main\AndroidManifest.xml:13:5-67
	android:name
		ADDED from src\main\AndroidManifest.xml:13:22-64
uses-permission#android.permission.WRITE_EXTERNAL_STORAGE
ADDED from src\main\AndroidManifest.xml:14:5-81
	android:name
		ADDED from src\main\AndroidManifest.xml:14:22-78
uses-permission#android.permission.CHANGE_CONFIGURATION
ADDED from src\main\AndroidManifest.xml:17:5-79
	android:name
		ADDED from src\main\AndroidManifest.xml:17:22-76
uses-permission#android.permission.DISABLE_KEYGUARD
ADDED from src\main\AndroidManifest.xml:18:5-75
	android:name
		ADDED from src\main\AndroidManifest.xml:18:22-72
uses-permission#android.permission.WAKE_LOCK
ADDED from src\main\AndroidManifest.xml:19:5-68
	android:name
		ADDED from src\main\AndroidManifest.xml:19:22-65
uses-permission#android.permission.READ_PHONE_STATE
ADDED from src\main\AndroidManifest.xml:20:5-75
	android:name
		ADDED from src\main\AndroidManifest.xml:20:22-72
uses-permission#android.permission.READ_EXTERNAL_STORAGE
ADDED from src\main\AndroidManifest.xml:21:5-80
	android:name
		ADDED from src\main\AndroidManifest.xml:21:22-77
application
ADDED from src\main\AndroidManifest.xml:23:5-52:19
	android:label
		ADDED from src\main\AndroidManifest.xml:26:9-41
	android:allowBackup
		ADDED from src\main\AndroidManifest.xml:24:9-35
	android:icon
		ADDED from src\main\AndroidManifest.xml:25:9-39
	android:theme
		ADDED from src\main\AndroidManifest.xml:27:9-40
activity#com.example.rtstvlc.InitVideoActivity
ADDED from src\main\AndroidManifest.xml:28:9-39:20
	android:screenOrientation
		ADDED from src\main\AndroidManifest.xml:32:13-50
	android:launchMode
		ADDED from src\main\AndroidManifest.xml:31:13-44
	android:configChanges
		ADDED from src\main\AndroidManifest.xml:30:13-59
	android:theme
		ADDED from src\main\AndroidManifest.xml:33:13-71
	android:name
		ADDED from src\main\AndroidManifest.xml:29:13-46
intent-filter#android.intent.action.MAIN+android.intent.category.LAUNCHER
ADDED from src\main\AndroidManifest.xml:34:13-38:29
action#android.intent.action.MAIN
ADDED from src\main\AndroidManifest.xml:35:17-69
	android:name
		ADDED from src\main\AndroidManifest.xml:35:25-66
category#android.intent.category.LAUNCHER
ADDED from src\main\AndroidManifest.xml:37:17-77
	android:name
		ADDED from src\main\AndroidManifest.xml:37:27-74
activity#com.example.rtstvlc.PlayRtspVideoActivity
ADDED from src\main\AndroidManifest.xml:41:9-46:74
	android:screenOrientation
		ADDED from src\main\AndroidManifest.xml:45:13-56
	android:launchMode
		ADDED from src\main\AndroidManifest.xml:44:13-44
	android:configChanges
		ADDED from src\main\AndroidManifest.xml:43:13-59
	android:theme
		ADDED from src\main\AndroidManifest.xml:46:13-71
	android:name
		ADDED from src\main\AndroidManifest.xml:42:13-50
service#com.example.service.HansIndoorService
ADDED from src\main\AndroidManifest.xml:48:9-73
	android:name
		ADDED from src\main\AndroidManifest.xml:48:18-70
service#com.example.service.DaemonService
ADDED from src\main\AndroidManifest.xml:49:9-69
	android:name
		ADDED from src\main\AndroidManifest.xml:49:18-66
activity#com.example.base.BaseActivity
ADDED from src\main\AndroidManifest.xml:51:9-75
	android:name
		ADDED from src\main\AndroidManifest.xml:51:19-63